<?xml version="1.0" encoding="UTF-8"?>
<testsuite name="com.bridgelabz.MyLinkedListTest" tests="3" skipped="0" failures="0" errors="0" timestamp="2021-06-09T20:54:17" hostname="LAPTOP-OKMRMTOT" time="0.003">
  <properties/>
  <testcase name="IfStackIsPopOrPeekShouldReturnTrue" classname="com.bridgelabz.MyLinkedListTest" time="0.002"/>
  <testcase name="IfQueueIsCreatedShouldReturnTrue" classname="com.bridgelabz.MyLinkedListTest" time="0.0"/>
  <testcase name="ifStackIsCreated_shouldReturnTrue" classname="com.bridgelabz.MyLinkedListTest" time="0.0"/>
  <system-out><![CDATA[]]></system-out>
  <system-err><![CDATA[]]></system-err>
</testsuite>
