<?xml version="1.0" encoding="UTF-8"?>
<testsuite name="com.bridgelabz.MyLinkedListTest" tests="4" skipped="0" failures="0" errors="0" timestamp="2021-06-09T21:02:01" hostname="LAPTOP-OKMRMTOT" time="0.003">
  <properties/>
  <testcase name="IfStackIsPopOrPeekShouldReturnTrue" classname="com.bridgelabz.MyLinkedListTest" time="0.002"/>
  <testcase name="InQueueIfNodeIsDequeuedShouldReturnTrue" classname="com.bridgelabz.MyLinkedListTest" time="0.001"/>
  <testcase name="IfQueueIsCreatedShouldReturnTrue" classname="com.bridgelabz.MyLinkedListTest" time="0.0"/>
  <testcase name="ifStackIsCreated_shouldReturnTrue" classname="com.bridgelabz.MyLinkedListTest" time="0.0"/>
  <system-out><![CDATA[]]></system-out>
  <system-err><![CDATA[]]></system-err>
</testsuite>
