<?xml version="1.0" encoding="UTF-8"?>
<testsuite name="com.bridgelabz.MyLinkedListTest" tests="1" skipped="0" failures="0" errors="0" timestamp="2021-06-09T20:19:15" hostname="LAPTOP-OKMRMTOT" time="0.002">
  <properties/>
  <testcase name="IfStackIsCreatedShouldReturnTrue" classname="com.bridgelabz.MyLinkedListTest" time="0.002"/>
  <system-out><![CDATA[]]></system-out>
  <system-err><![CDATA[]]></system-err>
</testsuite>
